<?xml version="1.0" encoding="UTF-8"?>
<robot generator="Robot 4.0.3 (Python 3.9.4 on darwin)" generated="20210708 12:44:50.909" rpa="false" schemaversion="2">
<suite id="s1" name="For loop" source="/Users/sharsha/PycharmProjects/pythonProject/Selenium Suite/For loop.robot">
<test id="s1-t1" name="TC01 Forloop">
<for flavor="IN RANGE">
<var>${i}</var>
<value>1</value>
<value>11</value>
<iter>
<var name="${i}">1</var>
<kw name="Log To Console" library="BuiltIn">
<arg>${i}</arg>
<doc>Logs the given message to the console.</doc>
<status status="PASS" starttime="20210708 12:44:51.095" endtime="20210708 12:44:51.095"/>
</kw>
<status status="PASS" starttime="20210708 12:44:51.095" endtime="20210708 12:44:51.096"/>
</iter>
<iter>
<var name="${i}">2</var>
<kw name="Log To Console" library="BuiltIn">
<arg>${i}</arg>
<doc>Logs the given message to the console.</doc>
<status status="PASS" starttime="20210708 12:44:51.096" endtime="20210708 12:44:51.096"/>
</kw>
<status status="PASS" starttime="20210708 12:44:51.096" endtime="20210708 12:44:51.096"/>
</iter>
<iter>
<var name="${i}">3</var>
<kw name="Log To Console" library="BuiltIn">
<arg>${i}</arg>
<doc>Logs the given message to the console.</doc>
<status status="PASS" starttime="20210708 12:44:51.096" endtime="20210708 12:44:51.096"/>
</kw>
<status status="PASS" starttime="20210708 12:44:51.096" endtime="20210708 12:44:51.096"/>
</iter>
<iter>
<var name="${i}">4</var>
<kw name="Log To Console" library="BuiltIn">
<arg>${i}</arg>
<doc>Logs the given message to the console.</doc>
<status status="PASS" starttime="20210708 12:44:51.097" endtime="20210708 12:44:51.097"/>
</kw>
<status status="PASS" starttime="20210708 12:44:51.097" endtime="20210708 12:44:51.097"/>
</iter>
<iter>
<var name="${i}">5</var>
<kw name="Log To Console" library="BuiltIn">
<arg>${i}</arg>
<doc>Logs the given message to the console.</doc>
<status status="PASS" starttime="20210708 12:44:51.097" endtime="20210708 12:44:51.097"/>
</kw>
<status status="PASS" starttime="20210708 12:44:51.097" endtime="20210708 12:44:51.097"/>
</iter>
<iter>
<var name="${i}">6</var>
<kw name="Log To Console" library="BuiltIn">
<arg>${i}</arg>
<doc>Logs the given message to the console.</doc>
<status status="PASS" starttime="20210708 12:44:51.098" endtime="20210708 12:44:51.098"/>
</kw>
<status status="PASS" starttime="20210708 12:44:51.098" endtime="20210708 12:44:51.098"/>
</iter>
<iter>
<var name="${i}">7</var>
<kw name="Log To Console" library="BuiltIn">
<arg>${i}</arg>
<doc>Logs the given message to the console.</doc>
<status status="PASS" starttime="20210708 12:44:51.098" endtime="20210708 12:44:51.098"/>
</kw>
<status status="PASS" starttime="20210708 12:44:51.098" endtime="20210708 12:44:51.098"/>
</iter>
<iter>
<var name="${i}">8</var>
<kw name="Log To Console" library="BuiltIn">
<arg>${i}</arg>
<doc>Logs the given message to the console.</doc>
<status status="PASS" starttime="20210708 12:44:51.099" endtime="20210708 12:44:51.099"/>
</kw>
<status status="PASS" starttime="20210708 12:44:51.098" endtime="20210708 12:44:51.099"/>
</iter>
<iter>
<var name="${i}">9</var>
<kw name="Log To Console" library="BuiltIn">
<arg>${i}</arg>
<doc>Logs the given message to the console.</doc>
<status status="PASS" starttime="20210708 12:44:51.099" endtime="20210708 12:44:51.099"/>
</kw>
<status status="PASS" starttime="20210708 12:44:51.099" endtime="20210708 12:44:51.099"/>
</iter>
<iter>
<var name="${i}">10</var>
<kw name="Log To Console" library="BuiltIn">
<arg>${i}</arg>
<doc>Logs the given message to the console.</doc>
<status status="PASS" starttime="20210708 12:44:51.100" endtime="20210708 12:44:51.100"/>
</kw>
<status status="PASS" starttime="20210708 12:44:51.100" endtime="20210708 12:44:51.100"/>
</iter>
<status status="PASS" starttime="20210708 12:44:51.095" endtime="20210708 12:44:51.100"/>
</for>
<status status="PASS" starttime="20210708 12:44:51.094" endtime="20210708 12:44:51.100"/>
</test>
<status status="PASS" starttime="20210708 12:44:50.912" endtime="20210708 12:44:51.101"/>
</suite>
<statistics>
<total>
<stat pass="1" fail="0" skip="0">All Tests</stat>
</total>
<tag>
</tag>
<suite>
<stat pass="1" fail="0" skip="0" id="s1" name="For loop">For loop</stat>
</suite>
</statistics>
<errors>
</errors>
</robot>
