<?xml version="1.0" encoding="UTF-8"?>
<robot generator="Robot 4.0.3 (Python 3.9.4 on darwin)" generated="20210709 11:08:14.224" rpa="false" schemaversion="2">
<suite id="s1" name="Verify invalid credentials tests" source="/Users/sharsha/PycharmProjects/OpenEMR/LoginSuite/Verify_invalid_credentials_tests.robot">
<test id="s1-t1" name="Verify InValid Credntial Tests">
<kw name="Launch Browser" library="Common_functionality">
<kw name="Append To Environment Variable" library="OperatingSystem">
<arg>Path</arg>
<arg>${EXECDIR}${/}Driver</arg>
<doc>Appends given ``values`` to environment variable ``name``.</doc>
<msg timestamp="20210709 11:08:14.414" level="INFO">Environment variable 'Path' set to value '/Users/sharsha/PycharmProjects/OpenEMR/Driver'.</msg>
<status status="PASS" starttime="20210709 11:08:14.414" endtime="20210709 11:08:14.414"/>
</kw>
<kw name="Open Browser" library="SeleniumLibrary">
<arg>https://demo.openemr.io/b/openemr/index.php</arg>
<arg>gc</arg>
<doc>Opens a new browser instance to the optional ``url``.</doc>
<msg timestamp="20210709 11:08:14.415" level="INFO">Opening browser 'gc' to base url 'https://demo.openemr.io/b/openemr/index.php'.</msg>
<status status="PASS" starttime="20210709 11:08:14.414" endtime="20210709 11:08:19.632"/>
</kw>
<kw name="Maximize Browser Window" library="SeleniumLibrary">
<doc>Maximizes current browser window.</doc>
<status status="PASS" starttime="20210709 11:08:19.633" endtime="20210709 11:08:19.765"/>
</kw>
<kw name="Set Selenium Implicit Wait" library="SeleniumLibrary">
<arg>25s</arg>
<doc>Sets the implicit wait value used by Selenium.</doc>
<status status="PASS" starttime="20210709 11:08:19.765" endtime="20210709 11:08:19.766"/>
</kw>
<status status="PASS" starttime="20210709 11:08:14.413" endtime="20210709 11:08:19.766"/>
</kw>
<kw name="Append To Environment Variable" library="OperatingSystem">
<arg>Path</arg>
<arg>${EXECDIR}${/}Driver</arg>
<doc>Appends given ``values`` to environment variable ``name``.</doc>
<msg timestamp="20210709 11:08:19.767" level="INFO">Environment variable 'Path' set to value '/Users/sharsha/PycharmProjects/OpenEMR/Driver:/Users/sharsha/PycharmProjects/OpenEMR/Driver'.</msg>
<status status="PASS" starttime="20210709 11:08:19.767" endtime="20210709 11:08:19.767"/>
</kw>
<kw name="Input Text" library="SeleniumLibrary">
<arg>id=authUser</arg>
<arg>admin</arg>
<doc>Types the given ``text`` into the text field identified by ``locator``.</doc>
<msg timestamp="20210709 11:08:19.768" level="INFO">Typing text 'admin' into text field 'id=authUser'.</msg>
<status status="PASS" starttime="20210709 11:08:19.767" endtime="20210709 11:08:19.870"/>
</kw>
<kw name="Input Password" library="SeleniumLibrary">
<arg>id=clearPass</arg>
<arg>pass121</arg>
<doc>Types the given password into the text field identified by ``locator``.</doc>
<msg timestamp="20210709 11:08:19.870" level="INFO">Typing password into text field 'id=clearPass'.</msg>
<msg timestamp="20210709 11:08:19.902" level="INFO">Temporally setting log level to: NONE</msg>
<msg timestamp="20210709 11:08:19.939" level="INFO">Log level changed from NONE to INFO.</msg>
<status status="PASS" starttime="20210709 11:08:19.870" endtime="20210709 11:08:19.939"/>
</kw>
<kw name="Select From List By Label" library="SeleniumLibrary">
<arg>name=languageChoice</arg>
<arg>English (Indian)</arg>
<doc>Selects options from selection list ``locator`` by ``labels``.</doc>
<msg timestamp="20210709 11:08:19.940" level="INFO">Selecting options from selection list 'name=languageChoice' by label English (Indian).</msg>
<status status="PASS" starttime="20210709 11:08:19.940" endtime="20210709 11:08:20.006"/>
</kw>
<kw name="Click Element" library="SeleniumLibrary">
<arg>xpath=//button[@type='submit']</arg>
<doc>Click the element identified by ``locator``.</doc>
<msg timestamp="20210709 11:08:20.006" level="INFO">Clicking element 'xpath=//button[@type='submit']'.</msg>
<status status="PASS" starttime="20210709 11:08:20.006" endtime="20210709 11:08:21.142"/>
</kw>
<kw name="Element Should Contain" library="SeleniumLibrary">
<arg>//div[@class='alert alert-danger login-failure m-1']</arg>
<arg>Invalid username or password</arg>
<doc>Verifies that element ``locator`` contains text ``expected``.</doc>
<msg timestamp="20210709 11:08:21.164" level="INFO">Element '//div[@class='alert alert-danger login-failure m-1']' contains text 'Invalid username or password'.</msg>
<status status="PASS" starttime="20210709 11:08:21.142" endtime="20210709 11:08:21.164"/>
</kw>
<kw name="End Browser" library="Common_functionality">
<kw name="Close Browser" library="SeleniumLibrary">
<doc>Closes the current browser.</doc>
<status status="PASS" starttime="20210709 11:08:21.165" endtime="20210709 11:08:21.250"/>
</kw>
<status status="PASS" starttime="20210709 11:08:21.164" endtime="20210709 11:08:21.251"/>
</kw>
<status status="PASS" starttime="20210709 11:08:14.413" endtime="20210709 11:08:21.251"/>
</test>
<doc>Suite to handle test cases regarding Login</doc>
<status status="PASS" starttime="20210709 11:08:14.227" endtime="20210709 11:08:21.253"/>
</suite>
<statistics>
<total>
<stat pass="1" fail="0" skip="0">All Tests</stat>
</total>
<tag>
</tag>
<suite>
<stat pass="1" fail="0" skip="0" id="s1" name="Verify invalid credentials tests">Verify invalid credentials tests</stat>
</suite>
</statistics>
<errors>
</errors>
</robot>
